# JRE version: Java(TM) SE Runtime Environment (10.0.1+10) (build 10.0.1+10)
# Java VM: Java HotSpot(TM) 64-Bit Server VM (10.0.1+10, mixed mode, tiered, compressed oops, g1 gc, bsd-amd64)
Heap:
 garbage-first heap   total 315392K, used 124365K [0x00000006c0000000, 0x00000007c0000000)
  region size 1024K, 92 young (94208K), 1 survivors (1024K)
 Metaspace       used 22014K, capacity 22538K, committed 22784K, reserved 1069056K
  class space    used 2488K, capacity 2743K, committed 2816K, reserved 1048576K
GC Heap History (10 events):
Event: 13.677 GC heap before
{Heap before GC invocations=29 (full 0):
 garbage-first heap   total 315392K, used 195011K [0x00000006c0000000, 0x00000007c0000000)
  region size 1024K, 184 young (188416K), 1 survivors (1024K)
 Metaspace       used 21999K, capacity 22471K, committed 22784K, reserved 1069056K
  class space    used 2486K, capacity 2742K, committed 2816K, reserved 1048576K
}
Event: 13.678 GC heap after
{Heap after GC invocations=30 (full 0):
 garbage-first heap   total 315392K, used 7625K [0x00000006c0000000, 0x00000007c0000000)
  region size 1024K, 1 young (1024K), 1 survivors (1024K)
 Metaspace       used 21999K, capacity 22471K, committed 22784K, reserved 1069056K
  class space    used 2486K, capacity 2742K, committed 2816K, reserved 1048576K
}
Event: 13.885 GC heap before
{Heap before GC invocations=30 (full 0):
 garbage-first heap   total 315392K, used 195017K [0x00000006c0000000, 0x00000007c0000000)
  region size 1024K, 184 young (188416K), 1 survivors (1024K)
 Metaspace       used 21999K, capacity 22471K, committed 22784K, reserved 1069056K
  class space    used 2486K, capacity 2742K, committed 2816K, reserved 1048576K
}
Event: 13.886 GC heap after
{Heap after GC invocations=31 (full 0):
 garbage-first heap   total 315392K, used 7627K [0x00000006c0000000, 0x00000007c0000000)
  region size 1024K, 1 young (1024K), 1 survivors (1024K)
 Metaspace       used 21999K, capacity 22471K, committed 22784K, reserved 1069056K
  class space    used 2486K, capacity 2742K, committed 2816K, reserved 1048576K
}
Event: 14.094 GC heap before
{Heap before GC invocations=31 (full 0):
 garbage-first heap   total 315392K, used 195019K [0x00000006c0000000, 0x00000007c0000000)
  region size 1024K, 184 young (188416K), 1 survivors (1024K)
 Metaspace       used 21999K, capacity 22471K, committed 22784K, reserved 1069056K
  class space    used 2486K, capacity 2742K, committed 2816K, reserved 1048576K
}
Event: 14.095 GC heap after
{Heap after GC invocations=32 (full 0):
 garbage-first heap   total 315392K, used 7629K [0x00000006c0000000, 0x00000007c0000000)
  region size 1024K, 1 young (1024K), 1 survivors (1024K)
 Metaspace       used 21999K, capacity 22471K, committed 22784K, reserved 1069056K
  class space    used 2486K, capacity 2742K, committed 2816K, reserved 1048576K
}
Event: 14.301 GC heap before
{Heap before GC invocations=32 (full 0):
 garbage-first heap   total 315392K, used 195021K [0x00000006c0000000, 0x00000007c0000000)
  region size 1024K, 184 young (188416K), 1 survivors (1024K)
 Metaspace       used 22009K, capacity 22474K, committed 22784K, reserved 1069056K
  class space    used 2488K, capacity 2743K, committed 2816K, reserved 1048576K
}
Event: 14.302 GC heap after
{Heap after GC invocations=33 (full 0):
 garbage-first heap   total 315392K, used 7635K [0x00000006c0000000, 0x00000007c0000000)
  region size 1024K, 1 young (1024K), 1 survivors (1024K)
 Metaspace       used 22009K, capacity 22474K, committed 22784K, reserved 1069056K
  class space    used 2488K, capacity 2743K, committed 2816K, reserved 1048576K
}
Event: 14.505 GC heap before
{Heap before GC invocations=33 (full 0):
 garbage-first heap   total 315392K, used 195027K [0x00000006c0000000, 0x00000007c0000000)
  region size 1024K, 184 young (188416K), 1 survivors (1024K)
 Metaspace       used 22009K, capacity 22474K, committed 22784K, reserved 1069056K
  class space    used 2488K, capacity 2743K, committed 2816K, reserved 1048576K
}
Event: 14.507 GC heap after
{Heap after GC invocations=34 (full 0):
 garbage-first heap   total 315392K, used 7629K [0x00000006c0000000, 0x00000007c0000000)
  region size 1024K, 1 young (1024K), 1 survivors (1024K)
 Metaspace       used 22009K, capacity 22474K, committed 22784K, reserved 1069056K
  class space    used 2488K, capacity 2743K, committed 2816K, reserved 1048576K
}

